<?xml version="1.0" encoding="UTF-8"?>
<!-- Generated by org.testng.reporters.JUnitXMLReporter -->
<testsuite ignored="0" hostname="Dominic-Malile" failures="0" tests="3" name="Submit Order Test" time="166.323" errors="0" timestamp="2023-02-08T18:20:57 EAT">
  <testcase classname="toqio.TestCases.SubmitOrderTest" name="submitOrder" time="8.528"/>
  <testcase classname="toqio.TestCases.SubmitOrderTest" name="submitOrder" time="5.661"/>
  <testcase classname="toqio.TestCases.SubmitOrderTest" name="OrderHistoryTest" time="2.185"/>
</testsuite> <!-- Submit Order Test -->
