<?xml version="1.0" encoding="UTF-8"?>
<!-- Generated by org.testng.reporters.JUnitXMLReporter -->
<testsuite ignored="1" hostname="Dominic-Malile" failures="0" tests="2" name="Submit Order Test" time="100.467" errors="0" timestamp="2023-02-10T00:35:10 EAT">
  <testcase classname="toqio.TestCases.SubmitOrderTest" name="submitOrder" time="5.632"/>
  <testcase classname="toqio.TestCases.SubmitOrderTest" name="submitOrder" time="5.562"/>
  <testcase classname="toqio.TestCases.SubmitOrderTest" name="OrderHistoryTest" time="0.0">
    <ignored/>
  </testcase> <!-- OrderHistoryTest -->
</testsuite> <!-- Submit Order Test -->
